 
****************************************
Report : area
Design : network_top
Version: R-2020.09-SP5
Date   : Sat Nov 22 20:56:25 2025
****************************************

Library(s) Used:

    slow_vdd1v2 (File: /usr/cadtool/GPDK45/gsclib045_svt_v4.4/gsclib045/db/slow_vdd1v2_basicCells_wl.db)

Number of ports:                        11146
Number of nets:                         16334
Number of cells:                         7279
Number of combinational cells:           3538
Number of sequential cells:              3729
Number of macros/black boxes:               0
Number of buf/inv:                        692
Number of references:                      26

Combinational area:               4689.504105
Buf/Inv area:                      730.854016
Noncombinational area:           31674.330707
Macro/Black Box area:                0.000000
Net Interconnect area:               0.000000

Total cell area:                 36363.834811
Total area:                      36363.834811

Hierarchical area distribution
------------------------------

                                  Global cell area            Local cell area
                                  -------------------  ----------------------------- 
Hierarchical cell                 Absolute    Percent  Combi-     Noncombi-   Black-
                                  Total       Total    national   national    boxes   Design
--------------------------------  ----------  -------  ---------  ----------  ------  -----------------------------------------------------------------------------
network_top                       36363.8348    100.0   262.9980    275.3100  0.0000  network_top
IP_DECODER_0                       9341.7302     25.7  1422.7200   7919.0102  0.0000  ip_decoder_100_20_20_06_7f000001_7f000001
IP_ENCODER_0                       7586.2442     20.9   163.1340   7423.1102  0.0000  ip_encoder_100_20_20_06_7f000001_7f000001
TCP_DECODER_0                      7548.9662     20.8  1248.3000   6300.6661  0.0000  tcp_decoder_100_12_20_20_06_7f000001_7f000001
TCP_ENCODER_0                     11348.5863     31.2  1571.8320   9591.3902  0.0000  tcp_encoder_100_12_20_20_06_7f000001_7f000001
TCP_ENCODER_0/RANDOM_0              137.4840      0.4    10.9440    126.5400  0.0000  random
TCP_ENCODER_0/clk_gate_last_ack_reg
                                      6.8400      0.0     1.3680      5.4720  0.0000  SNPS_CLOCK_GATE_HIGH_tcp_encoder_100_12_20_20_06_7f000001_7f000001_mydesign_3
TCP_ENCODER_0/clk_gate_last_ack_reg_0
                                      6.8400      0.0     1.3680      5.4720  0.0000  SNPS_CLOCK_GATE_HIGH_tcp_encoder_100_12_20_20_06_7f000001_7f000001_mydesign_2
TCP_ENCODER_0/clk_gate_last_ack_reg_1
                                      6.8400      0.0     1.3680      5.4720  0.0000  SNPS_CLOCK_GATE_HIGH_tcp_encoder_100_12_20_20_06_7f000001_7f000001_mydesign_1
TCP_ENCODER_0/clk_gate_last_seq_num_reg
                                      6.8400      0.0     1.3680      5.4720  0.0000  SNPS_CLOCK_GATE_HIGH_tcp_encoder_100_12_20_20_06_7f000001_7f000001_mydesign_0
TCP_ENCODER_0/clk_gate_last_seq_num_reg_0
                                      6.8400      0.0     1.3680      5.4720  0.0000  SNPS_CLOCK_GATE_HIGH_tcp_encoder_100_12_20_20_06_7f000001_7f000001_mydesign_6
TCP_ENCODER_0/clk_gate_last_seq_num_reg_1
                                      6.8400      0.0     1.3680      5.4720  0.0000  SNPS_CLOCK_GATE_HIGH_tcp_encoder_100_12_20_20_06_7f000001_7f000001_mydesign_5
TCP_ENCODER_0/clk_gate_last_seq_num_reg_2
                                      6.8400      0.0     1.3680      5.4720  0.0000  SNPS_CLOCK_GATE_HIGH_tcp_encoder_100_12_20_20_06_7f000001_7f000001_mydesign_4
--------------------------------  ----------  -------  ---------  ----------  ------  -----------------------------------------------------------------------------
Total                                                  4689.5041  31674.3307  0.0000

1
